Using pre-set license
Built from '2020.3/staging' branch; Version is '2020.3.16f1 (049d6eca3c44) revision 302446'; Using compiler version '192528614'; Build Type 'Release'
OS: 'Windows 10 Pro; OS build 18363.1379; Version 1909; 64bit' Language: 'zh' Physical Memory: 16347 MB
BatchMode: 1, IsHumanControllingUs: 0, StartBugReporterOnCrash: 0, Is64bit: 1, IsPro: 0

 COMMAND LINE ARGUMENTS:
F:\Unity\2020.3.16f1\Editor\Unity.exe
-adb2
-batchMode
-noUpm
-name
AssetImportWorker0
-projectPath
F:/GitHub/AR_Foundation_Wen_20211027/AR_Foundation_Wen_20211027_PM
-logFile
Logs/AssetImportWorker0.log
-srvPort
9391
Successfully changed project path to: F:/GitHub/AR_Foundation_Wen_20211027/AR_Foundation_Wen_20211027_PM
F:/GitHub/AR_Foundation_Wen_20211027/AR_Foundation_Wen_20211027_PM
Using Asset Import Pipeline V2.
Refreshing native plugins compatible for Editor in 45.58 ms, found 0 plugins.
Preloading 0 native plugins for Editor in 0.00 ms.
Initialize engine version: 2020.3.16f1 (049d6eca3c44)
[Subsystems] Discovering subsystems at path F:/Unity/2020.3.16f1/Editor/Data/Resources/UnitySubsystems
[Subsystems] Discovering subsystems at path F:/GitHub/AR_Foundation_Wen_20211027/AR_Foundation_Wen_20211027_PM/Assets
GfxDevice: creating device client; threaded=0
Direct3D:
    Version:  Direct3D 11.0 [level 11.1]
    Renderer: AMD Radeon (TM) R9 380 Series (ID=0x6939)
    Vendor:   
    VRAM:     4070 MB
    Driver:   27.20.21026.2006
Initialize mono
Mono path[0] = 'F:/Unity/2020.3.16f1/Editor/Data/Managed'
Mono path[1] = 'F:/Unity/2020.3.16f1/Editor/Data/MonoBleedingEdge/lib/mono/unityjit'
Mono config path = 'F:/Unity/2020.3.16f1/Editor/Data/MonoBleedingEdge/etc'
Using monoOptions --debugger-agent=transport=dt_socket,embedding=1,server=y,suspend=n,address=127.0.0.1:56788
Begin MonoManager ReloadAssembly
Registering precompiled unity dll's ...
Register platform support module: F:/Unity/2020.3.16f1/Editor/Data/PlaybackEngines/WebGLSupport/UnityEditor.WebGL.Extensions.dll
Register platform support module: F:/Unity/2020.3.16f1/Editor/Data/PlaybackEngines/WindowsStandaloneSupport/UnityEditor.WindowsStandalone.Extensions.dll
Registered in 0.001865 seconds.
Native extension for WindowsStandalone target not found
Native extension for WebGL target not found
Refreshing native plugins compatible for Editor in 51.15 ms, found 0 plugins.
Preloading 0 native plugins for Editor in 0.00 ms.
Mono: successfully reloaded assembly
- Completed reload, in  1.864 seconds
Domain Reload Profiling:
	ReloadAssembly (1864ms)
		BeginReloadAssembly (59ms)
			ExecutionOrderSort (0ms)
			DisableScriptedObjects (0ms)
			BackupInstance (0ms)
			ReleaseScriptingObjects (0ms)
			CreateAndSetChildDomain (1ms)
		EndReloadAssembly (564ms)
			LoadAssemblies (58ms)
			RebuildTransferFunctionScriptingTraits (0ms)
			SetupTypeCache (214ms)
			ReleaseScriptCaches (0ms)
			RebuildScriptCaches (40ms)
			SetupLoadedEditorAssemblies (212ms)
				LogAssemblyErrors (0ms)
				InitializePlatformSupportModulesInManaged (6ms)
				SetLoadedEditorAssemblies (0ms)
				RefreshPlugins (51ms)
				BeforeProcessingInitializeOnLoad (21ms)
				ProcessInitializeOnLoadAttributes (99ms)
				ProcessInitializeOnLoadMethodAttributes (34ms)
				AfterProcessingInitializeOnLoad (0ms)
				EditorAssembliesLoaded (0ms)
			ExecutionOrderSort2 (0ms)
			AwakeInstancesAfterBackupRestoration (0ms)
Platform modules already initialized, skipping
Registering precompiled user dll's ...
Registered in 0.001327 seconds.
Begin MonoManager ReloadAssembly
Native extension for WindowsStandalone target not found
Native extension for WebGL target not found
Refreshing native plugins compatible for Editor in 40.18 ms, found 0 plugins.
Preloading 0 native plugins for Editor in 0.00 ms.
Mono: successfully reloaded assembly
- Completed reload, in  1.244 seconds
Domain Reload Profiling:
	ReloadAssembly (1245ms)
		BeginReloadAssembly (195ms)
			ExecutionOrderSort (0ms)
			DisableScriptedObjects (8ms)
			BackupInstance (0ms)
			ReleaseScriptingObjects (0ms)
			CreateAndSetChildDomain (24ms)
		EndReloadAssembly (976ms)
			LoadAssemblies (115ms)
			RebuildTransferFunctionScriptingTraits (0ms)
			SetupTypeCache (265ms)
			ReleaseScriptCaches (0ms)
			RebuildScriptCaches (74ms)
			SetupLoadedEditorAssemblies (347ms)
				LogAssemblyErrors (0ms)
				InitializePlatformSupportModulesInManaged (6ms)
				SetLoadedEditorAssemblies (0ms)
				RefreshPlugins (40ms)
				BeforeProcessingInitializeOnLoad (107ms)
				ProcessInitializeOnLoadAttributes (186ms)
				ProcessInitializeOnLoadMethodAttributes (5ms)
				AfterProcessingInitializeOnLoad (3ms)
				EditorAssembliesLoaded (0ms)
			ExecutionOrderSort2 (0ms)
			AwakeInstancesAfterBackupRestoration (8ms)
Platform modules already initialized, skipping
========================================================================
Worker process is ready to serve import requests
Launched and connected shader compiler UnityShaderCompiler.exe after 0.14 seconds
Refreshing native plugins compatible for Editor in 0.39 ms, found 0 plugins.
Preloading 0 native plugins for Editor in 0.00 ms.
Unloading 1555 Unused Serialized files (Serialized files now loaded: 0)
System memory in use before: 75.9 MB.
System memory in use after: 75.9 MB.

Unloading 22 unused Assets to reduce memory usage. Loaded Objects now: 1991.
Total: 4.201300 ms (FindLiveObjects: 0.155600 ms CreateObjectMapping: 0.050700 ms MarkObjects: 3.887400 ms  DeleteObjects: 0.106100 ms)

AssetImportParameters requested are different than current active one (requested -> active):
  custom:framework-win-MediaFoundation: 216162199b28c13a410421893ffa2e32 -> 
  custom:video-decoder-ogg-theora: a1e56fd34408186e4bbccfd4996cb3dc -> 
  custom:container-muxer-webm: aa71ff27fc2769a1b78a27578f13a17b -> 
  custom:container-demuxer-webm: 4f35f7cbe854078d1ac9338744f61a02 -> 
  custom:container-demuxer-ogg: 62fdf1f143b41e24485cea50d1cbac27 -> 
  custom:video-encoder-webm-vp8: eb34c28f22e8b96e1ab97ce403110664 -> 
  custom:video-decoder-webm-vp8: 9c59270c3fd7afecdb556c50c9e8de78 -> 
  custom:audio-decoder-ogg-vorbis: bf7c407c2cedff20999df2af8eb42d56 -> 
  custom:audio-encoder-webm-vorbis: bf7c407c2cedff20999df2af8eb42d56 -> 
========================================================================
Received Import Request.
  path: Assets/Textures/PlanePatternDot.png
  artifactKey: Guid(cf0c720f1ba9b47e293f4b9bcfb2ecb4) Importer(815301076,1909f56bfc062723c751e8b465ee728b)
Start importing Assets/Textures/PlanePatternDot.png using Guid(cf0c720f1ba9b47e293f4b9bcfb2ecb4) Importer(815301076,1909f56bfc062723c751e8b465ee728b)  -> (artifact id: 'ec8629d775eb7a6005b6a59495aad104') in 0.121881 seconds 
  Import took 0.125456 seconds .

========================================================================
Received Import Request.
  Time since last request: 0.000058 seconds.
  path: Assets/Textures/Reticle.png
  artifactKey: Guid(80ffce31fe5404f1c91aa768d2cb33e8) Importer(815301076,1909f56bfc062723c751e8b465ee728b)
Start importing Assets/Textures/Reticle.png using Guid(80ffce31fe5404f1c91aa768d2cb33e8) Importer(815301076,1909f56bfc062723c751e8b465ee728b)  -> (artifact id: 'e3f7b89b330eb7c72dbc7e994806147e') in 0.033621 seconds 
  Import took 0.036668 seconds .

========================================================================
Received Import Request.
  Time since last request: 0.000178 seconds.
  path: Assets/Textures/sloth_all_1001_AlbedoTransparency.png
  artifactKey: Guid(b0a9b07b207264316bf3be95cdcf6a08) Importer(815301076,1909f56bfc062723c751e8b465ee728b)
Start importing Assets/Textures/sloth_all_1001_AlbedoTransparency.png using Guid(b0a9b07b207264316bf3be95cdcf6a08) Importer(815301076,1909f56bfc062723c751e8b465ee728b)  -> (artifact id: 'a4beda3ef3b6abe51a17bdfca2d3da58') in 0.046605 seconds 
  Import took 0.049232 seconds .

========================================================================
Received Import Request.
  Time since last request: 0.000173 seconds.
  path: Assets/Textures/sloth_all_1001_Normal.png
  artifactKey: Guid(27a1657365e7440158436bc8e151d931) Importer(815301076,1909f56bfc062723c751e8b465ee728b)
Start importing Assets/Textures/sloth_all_1001_Normal.png using Guid(27a1657365e7440158436bc8e151d931) Importer(815301076,1909f56bfc062723c751e8b465ee728b)  -> (artifact id: '503c705056aaeb0ab872e810fa151e24') in 0.082243 seconds 
  Import took 0.087397 seconds .

========================================================================
Received Import Request.
  Time since last request: 0.000199 seconds.
  path: Assets/Textures/tricolor2.png
  artifactKey: Guid(29407541718b1481abec1654c128b21d) Importer(815301076,1909f56bfc062723c751e8b465ee728b)
Start importing Assets/Textures/tricolor2.png using Guid(29407541718b1481abec1654c128b21d) Importer(815301076,1909f56bfc062723c751e8b465ee728b)  -> (artifact id: '222e4680cd13014d61064999f1f2c84f') in 0.023625 seconds 
  Import took 0.026597 seconds .

========================================================================
Received Import Request.
  Time since last request: 0.000178 seconds.
  path: Assets/Textures/sloth_all_1001_MetallicSmoothness.png
  artifactKey: Guid(433a9cacc6e034c25a6a14eb6af1b09c) Importer(815301076,1909f56bfc062723c751e8b465ee728b)
Start importing Assets/Textures/sloth_all_1001_MetallicSmoothness.png using Guid(433a9cacc6e034c25a6a14eb6af1b09c) Importer(815301076,1909f56bfc062723c751e8b465ee728b)  -> (artifact id: '336f220032d66ce2784b34eafd516284') in 0.036047 seconds 
  Import took 0.040655 seconds .

========================================================================
Received Import Request.
  Time since last request: 0.000190 seconds.
  path: Assets/Textures/tricolor1.png
  artifactKey: Guid(621b34d995d0b424a89840c10e611e18) Importer(815301076,1909f56bfc062723c751e8b465ee728b)
Start importing Assets/Textures/tricolor1.png using Guid(621b34d995d0b424a89840c10e611e18) Importer(815301076,1909f56bfc062723c751e8b465ee728b)  -> (artifact id: '64e4aca93c917598977ed611b31f4904') in 0.020522 seconds 
  Import took 0.023589 seconds .

========================================================================
Received Import Request.
  Time since last request: 0.000054 seconds.
  path: Assets/Textures/tricolor3.png
  artifactKey: Guid(65cfb9a9f0d2e4c6487bc6a41826b7b1) Importer(815301076,1909f56bfc062723c751e8b465ee728b)
Start importing Assets/Textures/tricolor3.png using Guid(65cfb9a9f0d2e4c6487bc6a41826b7b1) Importer(815301076,1909f56bfc062723c751e8b465ee728b)  -> (artifact id: '2cfa822f68027fe87de04f48429514c0') in 0.019585 seconds 
  Import took 0.022777 seconds .

========================================================================
Received Import Request.
  Time since last request: 0.001074 seconds.
  path: Assets/XR/XRGeneralSettings.asset
  artifactKey: Guid(e2f869774b12e400996eb546603602e3) Importer(815301076,1909f56bfc062723c751e8b465ee728b)
Start importing Assets/XR/XRGeneralSettings.asset using Guid(e2f869774b12e400996eb546603602e3) Importer(815301076,1909f56bfc062723c751e8b465ee728b)  -> (artifact id: '74063b26e3e3e3619ac92603274e8ac4') in 0.028080 seconds 
  Import took 0.031703 seconds .

========================================================================
Received Import Request.
  Time since last request: 0.000061 seconds.
  path: Assets/Textures/FeaturePoint.png
  artifactKey: Guid(c8240f56f5bca4387a34716c42b57c76) Importer(815301076,1909f56bfc062723c751e8b465ee728b)
Start importing Assets/Textures/FeaturePoint.png using Guid(c8240f56f5bca4387a34716c42b57c76) Importer(815301076,1909f56bfc062723c751e8b465ee728b)  -> (artifact id: '7b572f8b1dfe07ad56bb12db969830aa') in 0.029628 seconds 
  Import took 0.032765 seconds .

========================================================================
Received Import Request.
  Time since last request: 1.694187 seconds.
  path: Assets/Meshes/sloth_head_blendshapes5.fbx
  artifactKey: Guid(63ae12abc50414d5c882dbe18f6a820b) Importer(815301076,1909f56bfc062723c751e8b465ee728b)
Start importing Assets/Meshes/sloth_head_blendshapes5.fbx using Guid(63ae12abc50414d5c882dbe18f6a820b) Importer(815301076,1909f56bfc062723c751e8b465ee728b)  -> (artifact id: '5c85917ad4558e9da038b9c4669707a5') in 0.799276 seconds 
  Import took 0.806303 seconds .

========================================================================
Received Import Request.
  Time since last request: 1.404728 seconds.
  path: Assets/Materials/Checkered.mat
  artifactKey: Guid(1bf33998c68d4e94fa9d3bcdcb78c58d) Importer(815301076,1909f56bfc062723c751e8b465ee728b)
Start importing Assets/Materials/Checkered.mat using Guid(1bf33998c68d4e94fa9d3bcdcb78c58d) Importer(815301076,1909f56bfc062723c751e8b465ee728b)  -> (artifact id: '1e4f819104169d57c095ae161459585f') in 0.254021 seconds 
  Import took 0.258396 seconds .

========================================================================
Received Import Request.
  Time since last request: 0.000172 seconds.
  path: Assets/Materials/PlacedCubeMaterial.mat
  artifactKey: Guid(9b5d75722d424804fa0c0efaa228c3db) Importer(815301076,1909f56bfc062723c751e8b465ee728b)
Start importing Assets/Materials/PlacedCubeMaterial.mat using Guid(9b5d75722d424804fa0c0efaa228c3db) Importer(815301076,1909f56bfc062723c751e8b465ee728b)  -> (artifact id: '7a95e1fd12fcff1c250da26bfe76bb5f') in 0.032076 seconds 
  Import took 0.036830 seconds .

========================================================================
Received Import Request.
  Time since last request: 0.000343 seconds.
  path: Assets/Materials/NormalOverlayMaterial.mat
  artifactKey: Guid(e01257fbb05e84833a5beb1792546158) Importer(815301076,1909f56bfc062723c751e8b465ee728b)
Start importing Assets/Materials/NormalOverlayMaterial.mat using Guid(e01257fbb05e84833a5beb1792546158) Importer(815301076,1909f56bfc062723c751e8b465ee728b)  -> (artifact id: 'aefee8a7062a03e66c313f484045b3a4') in 0.030128 seconds 
  Import took 0.035941 seconds .

========================================================================
Received Import Request.
  Time since last request: 0.000220 seconds.
  path: Assets/Materials/NormalMaterial.mat
  artifactKey: Guid(90f5d90ec992f4983aea366642a31d25) Importer(815301076,1909f56bfc062723c751e8b465ee728b)
Start importing Assets/Materials/NormalMaterial.mat using Guid(90f5d90ec992f4983aea366642a31d25) Importer(815301076,1909f56bfc062723c751e8b465ee728b)  -> (artifact id: '5338daad3e5c56bc2b399b21db83623b') in 0.031295 seconds 
  Import took 0.034177 seconds .

========================================================================
Received Import Request.
  Time since last request: 0.000406 seconds.
  path: Assets/Materials/DepthGradientMaterial.mat
  artifactKey: Guid(1822b099f6c09434b97c31e70184ff72) Importer(815301076,1909f56bfc062723c751e8b465ee728b)
Start importing Assets/Materials/DepthGradientMaterial.mat using Guid(1822b099f6c09434b97c31e70184ff72) Importer(815301076,1909f56bfc062723c751e8b465ee728b)  -> (artifact id: 'add77de79db29272eb6d1e2f87a7af66') in 0.036772 seconds 
  Import took 0.040190 seconds .

========================================================================
Received Import Request.
  Time since last request: 0.000190 seconds.
  path: Assets/Materials/JointLineMaterial.mat
  artifactKey: Guid(7c57bb7614d2746e4a2cc322b1174d39) Importer(815301076,1909f56bfc062723c751e8b465ee728b)
Start importing Assets/Materials/JointLineMaterial.mat using Guid(7c57bb7614d2746e4a2cc322b1174d39) Importer(815301076,1909f56bfc062723c751e8b465ee728b)  -> (artifact id: 'cd98edd8b447f09296adc9154eb5c803') in 0.064042 seconds 
  Import took 0.066844 seconds .

========================================================================
Received Import Request.
  Time since last request: 0.000192 seconds.
  path: Assets/Materials/FeaturePointMaterial.mat
  artifactKey: Guid(0eb8a0cec82ab439bbe55783f6711ae0) Importer(815301076,1909f56bfc062723c751e8b465ee728b)
Start importing Assets/Materials/FeaturePointMaterial.mat using Guid(0eb8a0cec82ab439bbe55783f6711ae0) Importer(815301076,1909f56bfc062723c751e8b465ee728b)  -> (artifact id: '7ed55324046acaa7f53373bbfbd7ac89') in 0.054933 seconds 
  Import took 0.058481 seconds .

========================================================================
Received Import Request.
  Time since last request: 0.000197 seconds.
  path: Assets/Materials/OcclusionMaterial.mat
  artifactKey: Guid(5f9b7305df0ee40a29ad828b1a5743f4) Importer(815301076,1909f56bfc062723c751e8b465ee728b)
Start importing Assets/Materials/OcclusionMaterial.mat using Guid(5f9b7305df0ee40a29ad828b1a5743f4) Importer(815301076,1909f56bfc062723c751e8b465ee728b)  -> (artifact id: '83646f5f2f1a1951ba650478b1a36d76') in 0.044030 seconds 
  Import took 0.047185 seconds .

========================================================================
Received Import Request.
  Time since last request: 0.000233 seconds.
  path: Assets/Materials/GrayFloor.mat
  artifactKey: Guid(b5a993a5dfcd7414586193432deeac26) Importer(815301076,1909f56bfc062723c751e8b465ee728b)
Start importing Assets/Materials/GrayFloor.mat using Guid(b5a993a5dfcd7414586193432deeac26) Importer(815301076,1909f56bfc062723c751e8b465ee728b)  -> (artifact id: '2f81b7d6868b43c5b4b5b159e0d7efaf') in 0.026191 seconds 
  Import took 0.029607 seconds .

========================================================================
Received Import Request.
  Time since last request: 0.000069 seconds.
  path: Assets/Materials/HumanStencil.mat
  artifactKey: Guid(c0be8d44aefaa41a79f40f503f63619b) Importer(815301076,1909f56bfc062723c751e8b465ee728b)
Start importing Assets/Materials/HumanStencil.mat using Guid(c0be8d44aefaa41a79f40f503f63619b) Importer(815301076,1909f56bfc062723c751e8b465ee728b)  -> (artifact id: '74a6d39c5931330d312779869cb9e3c4') in 0.034049 seconds 
  Import took 0.036940 seconds .

========================================================================
Received Import Request.
  Time since last request: 0.000173 seconds.
  path: Assets/Materials/GrayFloor.mat
  artifactKey: Guid(b5a993a5dfcd7414586193432deeac26) Importer(815301076,1909f56bfc062723c751e8b465ee728b)
Start importing Assets/Materials/GrayFloor.mat using Guid(b5a993a5dfcd7414586193432deeac26) Importer(815301076,1909f56bfc062723c751e8b465ee728b)  -> (artifact id: '2f81b7d6868b43c5b4b5b159e0d7efaf') in 0.019165 seconds 
  Import took 0.024884 seconds .

========================================================================
Received Import Request.
  Time since last request: 0.000057 seconds.
  path: Assets/Materials/EyeLaserMaterial.mat
  artifactKey: Guid(b0a46feb4b70f43f88f599f902d3a3a6) Importer(815301076,1909f56bfc062723c751e8b465ee728b)
Start importing Assets/Materials/EyeLaserMaterial.mat using Guid(b0a46feb4b70f43f88f599f902d3a3a6) Importer(815301076,1909f56bfc062723c751e8b465ee728b)  -> (artifact id: '15db4b56c977ad28f9728d087c89eb66') in 0.140863 seconds 
  Import took 0.143628 seconds .

========================================================================
Received Import Request.
  Time since last request: 0.000169 seconds.
  path: Assets/Materials/FeatheredPlaneMaterial.mat
  artifactKey: Guid(23e2748d52724824fb92be95f957d7dc) Importer(815301076,1909f56bfc062723c751e8b465ee728b)
Start importing Assets/Materials/FeatheredPlaneMaterial.mat using Guid(23e2748d52724824fb92be95f957d7dc) Importer(815301076,1909f56bfc062723c751e8b465ee728b)  -> (artifact id: 'da9eac6e784a6fe4016fc44725da5c4c') in 0.026050 seconds 
  Import took 0.028831 seconds .

========================================================================
Received Import Request.
  Time since last request: 77.823922 seconds.
  path: Assets/Scenes/ARCore
  artifactKey: Guid(5b0b457d564ca48b983dfa10112bbc80) Importer(815301076,1909f56bfc062723c751e8b465ee728b)
Start importing Assets/Scenes/ARCore using Guid(5b0b457d564ca48b983dfa10112bbc80) Importer(815301076,1909f56bfc062723c751e8b465ee728b)  -> (artifact id: '54eaee6faa4019b0c758353cac0e79d1') in 0.013276 seconds 
  Import took 0.015960 seconds .

========================================================================
Received Import Request.
  Time since last request: 1.330715 seconds.
  path: Assets/Scenes/ARCore/ARCoreSessionRecording.unity
  artifactKey: Guid(5950f406e5177479b89e0c8d9160b0a9) Importer(815301076,1909f56bfc062723c751e8b465ee728b)
Start importing Assets/Scenes/ARCore/ARCoreSessionRecording.unity using Guid(5950f406e5177479b89e0c8d9160b0a9) Importer(815301076,1909f56bfc062723c751e8b465ee728b)  -> (artifact id: '70ba99a1a842c88b80839939018ec3c6') in 0.010848 seconds 
  Import took 0.016512 seconds .

========================================================================
Received Import Request.
  Time since last request: 12.783106 seconds.
  path: Assets/Scenes/EnvironmentProbes.unity
  artifactKey: Guid(d568d188cadf141e38769dbabd3fe385) Importer(815301076,1909f56bfc062723c751e8b465ee728b)
Start importing Assets/Scenes/EnvironmentProbes.unity using Guid(d568d188cadf141e38769dbabd3fe385) Importer(815301076,1909f56bfc062723c751e8b465ee728b)  -> (artifact id: '09005d8b5d2067be5320ccdbb15443f5') in 0.009234 seconds 
  Import took 0.013316 seconds .

========================================================================
Received Import Request.
  Time since last request: 1.899907 seconds.
  path: Assets/Scenes/ARFoundationMenu/BackButtonManager.prefab
  artifactKey: Guid(4ee22c1f54b174122b6a766fe09e0de8) Importer(815301076,1909f56bfc062723c751e8b465ee728b)
Start importing Assets/Scenes/ARFoundationMenu/BackButtonManager.prefab using Guid(4ee22c1f54b174122b6a766fe09e0de8) Importer(815301076,1909f56bfc062723c751e8b465ee728b)  -> (artifact id: '7b3b6ed831b14eba5077883ff2f2327e') in 0.031081 seconds 
  Import took 0.034552 seconds .

========================================================================
Received Import Request.
  Time since last request: 1.101716 seconds.
  path: Assets/Scenes/CameraGrain/CameraGrain.mat
  artifactKey: Guid(b030c1fae70fb4d5695886b9618b8c31) Importer(815301076,1909f56bfc062723c751e8b465ee728b)
Start importing Assets/Scenes/CameraGrain/CameraGrain.mat using Guid(b030c1fae70fb4d5695886b9618b8c31) Importer(815301076,1909f56bfc062723c751e8b465ee728b)  -> (artifact id: '19b4bbd0fae11fd79808b37a5c303fef') in 0.018303 seconds 
  Import took 0.021490 seconds .

========================================================================
Received Import Request.
  Time since last request: 0.000218 seconds.
  path: Assets/Scenes/CameraGrain/CameraGrainCube.prefab
  artifactKey: Guid(d549bc67cd52b4e8ca61a5b51913f4ae) Importer(815301076,1909f56bfc062723c751e8b465ee728b)
Start importing Assets/Scenes/CameraGrain/CameraGrainCube.prefab using Guid(d549bc67cd52b4e8ca61a5b51913f4ae) Importer(815301076,1909f56bfc062723c751e8b465ee728b)  -> (artifact id: 'f51a856c40d4cc3633c00610ce21888f') in 0.027350 seconds 
  Import took 0.032043 seconds .

========================================================================
Received Import Request.
  Time since last request: 2.271659 seconds.
  path: Assets/Scenes/SimpleAR/ARSessionPrefab.prefab
  artifactKey: Guid(90290c13d4a3d46eea32be3d6a1a14c4) Importer(815301076,1909f56bfc062723c751e8b465ee728b)
Start importing Assets/Scenes/SimpleAR/ARSessionPrefab.prefab using Guid(90290c13d4a3d46eea32be3d6a1a14c4) Importer(815301076,1909f56bfc062723c751e8b465ee728b)  -> (artifact id: 'c5073aad4aaf4638cbe23bd651e6e4a4') in 0.014632 seconds 
  Import took 0.017981 seconds .

========================================================================
Received Import Request.
  Time since last request: 0.565704 seconds.
  path: Assets/Scenes/PointCloud/AllPointCloudPointsPrefab.prefab
  artifactKey: Guid(b8874a20398024ddf9f6c78026e9d0b7) Importer(815301076,1909f56bfc062723c751e8b465ee728b)
Start importing Assets/Scenes/PointCloud/AllPointCloudPointsPrefab.prefab using Guid(b8874a20398024ddf9f6c78026e9d0b7) Importer(815301076,1909f56bfc062723c751e8b465ee728b)  -> (artifact id: '9d0c5ddbff402fc9ecdc9b38d35d3f9e') in 0.062252 seconds 
  Import took 0.066413 seconds .

========================================================================
Received Import Request.
  Time since last request: 0.643115 seconds.
  path: Assets/Scenes/PlaneOcclusion/Cubes.prefab
  artifactKey: Guid(c0668cb2ba9134be98f4f004cd24a2c2) Importer(815301076,1909f56bfc062723c751e8b465ee728b)
Start importing Assets/Scenes/PlaneOcclusion/Cubes.prefab using Guid(c0668cb2ba9134be98f4f004cd24a2c2) Importer(815301076,1909f56bfc062723c751e8b465ee728b)  -> (artifact id: 'fce1298f3cd09331f4016969cee8a669') in 0.022153 seconds 
  Import took 0.025837 seconds .

========================================================================
Received Import Request.
  Time since last request: 0.000212 seconds.
  path: Assets/Scenes/PlaneOcclusion/OcclusionMaterial.mat
  artifactKey: Guid(d6b768313798b43399468566cbfc8808) Importer(815301076,1909f56bfc062723c751e8b465ee728b)
Start importing Assets/Scenes/PlaneOcclusion/OcclusionMaterial.mat using Guid(d6b768313798b43399468566cbfc8808) Importer(815301076,1909f56bfc062723c751e8b465ee728b)  -> (artifact id: '2720285af40049e081ae934555dff215') in 0.016891 seconds 
  Import took 0.021572 seconds .

========================================================================
Received Import Request.
  Time since last request: 0.000051 seconds.
  path: Assets/Scenes/PlaneOcclusion/OcclusionPlane.prefab
  artifactKey: Guid(b04c45397743447faaeced575f11ace3) Importer(815301076,1909f56bfc062723c751e8b465ee728b)
Start importing Assets/Scenes/PlaneOcclusion/OcclusionPlane.prefab using Guid(b04c45397743447faaeced575f11ace3) Importer(815301076,1909f56bfc062723c751e8b465ee728b)  -> (artifact id: '1a3b372d1524e83038e29e223412205d') in 0.025076 seconds 
  Import took 0.028728 seconds .

========================================================================
Received Import Request.
  Time since last request: 4.741128 seconds.
  path: Assets/Scenes/Plane Detection/AR Plane Classification Visualizer.prefab
  artifactKey: Guid(55818d52702e343009fa8489d262df47) Importer(815301076,1909f56bfc062723c751e8b465ee728b)
Start importing Assets/Scenes/Plane Detection/AR Plane Classification Visualizer.prefab using Guid(55818d52702e343009fa8489d262df47) Importer(815301076,1909f56bfc062723c751e8b465ee728b)  -> (artifact id: '46d5b4e3b256c698bfb14dec41c54569') in 0.017109 seconds 
  Import took 0.020803 seconds .

========================================================================
Received Import Request.
  Time since last request: 1.552981 seconds.
  path: Assets/Scenes/Object Tracking/Cube.arobject
  artifactKey: Guid(124f01f93d53b4964a2d0b5319c54392) Importer(815301076,1909f56bfc062723c751e8b465ee728b)
Start importing Assets/Scenes/Object Tracking/Cube.arobject using Guid(124f01f93d53b4964a2d0b5319c54392) Importer(815301076,1909f56bfc062723c751e8b465ee728b)  -> (artifact id: '80b6cf20f23680f8a760d002f49ea479') in 0.038953 seconds 
  Import took 0.043947 seconds .

========================================================================
Received Import Request.
  Time since last request: 0.000323 seconds.
  path: Assets/Scenes/Object Tracking/Cylinder.arobject
  artifactKey: Guid(1c82254aafb5041a290e59ebe31aee5d) Importer(815301076,1909f56bfc062723c751e8b465ee728b)
Start importing Assets/Scenes/Object Tracking/Cylinder.arobject using Guid(1c82254aafb5041a290e59ebe31aee5d) Importer(815301076,1909f56bfc062723c751e8b465ee728b)  -> (artifact id: '159d8a0af2360a2054d65fd158992661') in 0.031997 seconds 
  Import took 0.036112 seconds .

========================================================================
Received Import Request.
  Time since last request: 0.000192 seconds.
  path: Assets/Scenes/Object Tracking/ReferenceObjectLibrary.asset
  artifactKey: Guid(6a6c28f6ea6f94259b02e2d09f969ac8) Importer(815301076,1909f56bfc062723c751e8b465ee728b)
Start importing Assets/Scenes/Object Tracking/ReferenceObjectLibrary.asset using Guid(6a6c28f6ea6f94259b02e2d09f969ac8) Importer(815301076,1909f56bfc062723c751e8b465ee728b)  -> (artifact id: '6bd2edc8eb057cdf265c5e80d6f9200b') in 0.018107 seconds 
  Import took 0.021750 seconds .

========================================================================
Received Prepare
Registering precompiled user dll's ...
Registered in 0.001658 seconds.
Begin MonoManager ReloadAssembly
Native extension for WindowsStandalone target not found
Native extension for WebGL target not found
Refreshing native plugins compatible for Editor in 0.70 ms, found 0 plugins.
Preloading 0 native plugins for Editor in 0.00 ms.
Mono: successfully reloaded assembly
- Completed reload, in  2.436 seconds
Domain Reload Profiling:
	ReloadAssembly (2479ms)
		BeginReloadAssembly (665ms)
			ExecutionOrderSort (0ms)
			DisableScriptedObjects (17ms)
			BackupInstance (0ms)
			ReleaseScriptingObjects (0ms)
			CreateAndSetChildDomain (65ms)
		EndReloadAssembly (1608ms)
			LoadAssemblies (196ms)
			RebuildTransferFunctionScriptingTraits (0ms)
			SetupTypeCache (332ms)
			ReleaseScriptCaches (0ms)
			RebuildScriptCaches (58ms)
			SetupLoadedEditorAssemblies (627ms)
				LogAssemblyErrors (0ms)
				InitializePlatformSupportModulesInManaged (14ms)
				SetLoadedEditorAssemblies (0ms)
				RefreshPlugins (1ms)
				BeforeProcessingInitializeOnLoad (113ms)
				ProcessInitializeOnLoadAttributes (490ms)
				ProcessInitializeOnLoadMethodAttributes (4ms)
				AfterProcessingInitializeOnLoad (4ms)
				EditorAssembliesLoaded (0ms)
			ExecutionOrderSort2 (0ms)
			AwakeInstancesAfterBackupRestoration (18ms)
Platform modules already initialized, skipping
Switching build target platform(19) subTarget(0) extendedPlatform(0) -> platform(13) subTarget(589824) extendedPlatform(0)
Refreshing native plugins compatible for Editor in 0.39 ms, found 0 plugins.
Preloading 0 native plugins for Editor in 0.00 ms.
Unloading 1537 Unused Serialized files (Serialized files now loaded: 0)
System memory in use before: 78.4 MB.
System memory in use after: 78.5 MB.

Unloading 19 unused Assets to reduce memory usage. Loaded Objects now: 2048.
Total: 2.742500 ms (FindLiveObjects: 0.168700 ms CreateObjectMapping: 0.056500 ms MarkObjects: 2.453700 ms  DeleteObjects: 0.062700 ms)

AssetImportParameters requested are different than current active one (requested -> active):
  custom:framework-win-MediaFoundation: 216162199b28c13a410421893ffa2e32 -> 
  custom:video-decoder-ogg-theora: a1e56fd34408186e4bbccfd4996cb3dc -> 
  custom:container-muxer-webm: aa71ff27fc2769a1b78a27578f13a17b -> 
  custom:container-demuxer-webm: 4f35f7cbe854078d1ac9338744f61a02 -> 
  custom:container-demuxer-ogg: 62fdf1f143b41e24485cea50d1cbac27 -> 
  custom:video-encoder-webm-vp8: eb34c28f22e8b96e1ab97ce403110664 -> 
  custom:video-decoder-webm-vp8: 9c59270c3fd7afecdb556c50c9e8de78 -> 
  custom:graphics/normal-map-encoding: 01000000000000000000000000000000 -> 02000000000000000000000000000000
  custom:audio-decoder-ogg-vorbis: bf7c407c2cedff20999df2af8eb42d56 -> 
  custom:audio-encoder-webm-vorbis: bf7c407c2cedff20999df2af8eb42d56 -> 
========================================================================
Received Prepare
Refreshing native plugins compatible for Editor in 2.59 ms, found 0 plugins.
Preloading 0 native plugins for Editor in 0.00 ms.
Unloading 12 Unused Serialized files (Serialized files now loaded: 0)
System memory in use before: 48.0 MB.
System memory in use after: 48.1 MB.

Unloading 12 unused Assets to reduce memory usage. Loaded Objects now: 2048.
Total: 2.921900 ms (FindLiveObjects: 0.186400 ms CreateObjectMapping: 0.052200 ms MarkObjects: 2.653000 ms  DeleteObjects: 0.029200 ms)

AssetImportParameters requested are different than current active one (requested -> active):
  custom:framework-win-MediaFoundation: 216162199b28c13a410421893ffa2e32 -> 
  custom:video-decoder-ogg-theora: a1e56fd34408186e4bbccfd4996cb3dc -> 
  custom:container-muxer-webm: aa71ff27fc2769a1b78a27578f13a17b -> 
  custom:container-demuxer-webm: 4f35f7cbe854078d1ac9338744f61a02 -> 
  custom:container-demuxer-ogg: 62fdf1f143b41e24485cea50d1cbac27 -> 
  custom:video-encoder-webm-vp8: eb34c28f22e8b96e1ab97ce403110664 -> 
  custom:video-decoder-webm-vp8: 9c59270c3fd7afecdb556c50c9e8de78 -> 
  custom:audio-decoder-ogg-vorbis: bf7c407c2cedff20999df2af8eb42d56 -> 
  custom:audio-encoder-webm-vorbis: bf7c407c2cedff20999df2af8eb42d56 -> 
========================================================================
Received Import Request.
  Time since last request: 266.388882 seconds.
  path: Assets/XR/Loaders/AR Core Loader.asset
  artifactKey: Guid(04940b94cbab8444187b3217d4e40166) Importer(815301076,1909f56bfc062723c751e8b465ee728b)
Start importing Assets/XR/Loaders/AR Core Loader.asset using Guid(04940b94cbab8444187b3217d4e40166) Importer(815301076,1909f56bfc062723c751e8b465ee728b)  -> (artifact id: 'cadeb77f8cf8336086762ca946f1728d') in 0.020614 seconds 
  Import took 0.025043 seconds .

========================================================================
Received Import Request.
  Time since last request: 0.000166 seconds.
  path: Assets/Prefabs/AR Eye Laser Visualizer.prefab
  artifactKey: Guid(2d19c8a450c61438da3cc9a9d6468c2f) Importer(815301076,1909f56bfc062723c751e8b465ee728b)
Start importing Assets/Prefabs/AR Eye Laser Visualizer.prefab using Guid(2d19c8a450c61438da3cc9a9d6468c2f) Importer(815301076,1909f56bfc062723c751e8b465ee728b)  -> (artifact id: '1c8a2c6935d95cf92b7546d07417555e') in 0.037703 seconds 
  Import took 0.041058 seconds .

========================================================================
Received Import Request.
  Time since last request: 0.000070 seconds.
  path: Assets/XR/Settings/AR Core Loader Settings.asset
  artifactKey: Guid(744f7b7c543b14d4b9d766a0b6de5fa9) Importer(815301076,1909f56bfc062723c751e8b465ee728b)
Start importing Assets/XR/Settings/AR Core Loader Settings.asset using Guid(744f7b7c543b14d4b9d766a0b6de5fa9) Importer(815301076,1909f56bfc062723c751e8b465ee728b)  -> (artifact id: 'bbd3cb0ea408476d3e4cf645d3d48f73') in 0.017635 seconds 
  Import took 0.023916 seconds .

========================================================================
Received Import Request.
  Time since last request: 0.000319 seconds.
  path: Assets/Prefabs/AR Eye Pose Visualizer.prefab
  artifactKey: Guid(08580be01ddd241d19a72e19bc997f2e) Importer(815301076,1909f56bfc062723c751e8b465ee728b)
Start importing Assets/Prefabs/AR Eye Pose Visualizer.prefab using Guid(08580be01ddd241d19a72e19bc997f2e) Importer(815301076,1909f56bfc062723c751e8b465ee728b)  -> (artifact id: 'afebbf3887b70cca01de4f6ca98ea3df') in 0.014904 seconds 
  Import took 0.019595 seconds .

========================================================================
Received Import Request.
  Time since last request: 0.000873 seconds.
  path: Assets/XR/Settings/AR Core Settings.asset
  artifactKey: Guid(f8ce26fe3bc69499b9be4b2378e97a94) Importer(815301076,1909f56bfc062723c751e8b465ee728b)
Start importing Assets/XR/Settings/AR Core Settings.asset using Guid(f8ce26fe3bc69499b9be4b2378e97a94) Importer(815301076,1909f56bfc062723c751e8b465ee728b)  -> (artifact id: '43a0e6f242b877bdd8323755e218370b') in 0.012149 seconds 
  Import took 0.015579 seconds .

========================================================================
Received Import Request.
  Time since last request: 0.000048 seconds.
  path: Assets/Prefabs/AR Feathered Plane.prefab
  artifactKey: Guid(d16dd8da7e4ccbe42b1b4a344a72ecbb) Importer(815301076,1909f56bfc062723c751e8b465ee728b)
Start importing Assets/Prefabs/AR Feathered Plane.prefab using Guid(d16dd8da7e4ccbe42b1b4a344a72ecbb) Importer(815301076,1909f56bfc062723c751e8b465ee728b)  -> (artifact id: '058bc209f57300816f4bcd2c1d6d6213') in 0.018469 seconds 
  Import took 0.027384 seconds .

========================================================================
Received Import Request.
  Time since last request: 0.020513 seconds.
  path: Assets/Prefabs/AR Feathered Plane.prefab
  artifactKey: Guid(d16dd8da7e4ccbe42b1b4a344a72ecbb) Importer(815301076,1909f56bfc062723c751e8b465ee728b)
Start importing Assets/Prefabs/AR Feathered Plane.prefab using Guid(d16dd8da7e4ccbe42b1b4a344a72ecbb) Importer(815301076,1909f56bfc062723c751e8b465ee728b)  -> (artifact id: '058bc209f57300816f4bcd2c1d6d6213') in 0.009516 seconds 
  Import took 0.012395 seconds .

========================================================================
Received Import Request.
  Time since last request: 1.528638 seconds.
  path: Assets/Scenes/InputSystem/ARController.inputactions
  artifactKey: Guid(91fef793c01e643e0a22041c59decd81) Importer(815301076,1909f56bfc062723c751e8b465ee728b)
Start importing Assets/Scenes/InputSystem/ARController.inputactions using Guid(91fef793c01e643e0a22041c59decd81) Importer(815301076,1909f56bfc062723c751e8b465ee728b)  -> (artifact id: '5039a3af69a3ae8ffea71d6b1d2de10c') in 0.015874 seconds 
  Import took 0.019072 seconds .

========================================================================
Received Import Request.
  Time since last request: 11.196697 seconds.
  path: Assets/Scenes/FaceTracking/ARCoreFaceRegions.unity
  artifactKey: Guid(d1739ac106ca65e4b83528a440314bd9) Importer(815301076,1909f56bfc062723c751e8b465ee728b)
Start importing Assets/Scenes/FaceTracking/ARCoreFaceRegions.unity using Guid(d1739ac106ca65e4b83528a440314bd9) Importer(815301076,1909f56bfc062723c751e8b465ee728b)  -> (artifact id: 'a9aec25056d9e0409f4b337102804af0') in 0.012489 seconds 
  Import took 0.016796 seconds .

========================================================================
Received Import Request.
  Time since last request: 59.362299 seconds.
  path: Assets/Prefabs/TriAxes.prefab
  artifactKey: Guid(48e43bbe3af404986bbdc5a552e5fefd) Importer(815301076,1909f56bfc062723c751e8b465ee728b)
Start importing Assets/Prefabs/TriAxes.prefab using Guid(48e43bbe3af404986bbdc5a552e5fefd) Importer(815301076,1909f56bfc062723c751e8b465ee728b)  -> (artifact id: 'bf0fde9239a6faf0f0c49d25dbbbc9b0') in 0.210791 seconds 
  Import took 0.213897 seconds .

========================================================================
Received Import Request.
  Time since last request: 116.506462 seconds.
  path: Assets/Scenes/FaceTracking/ARKitFaceBlendShapes.unity
  artifactKey: Guid(e9280441e79e84bdbbf6b724880ae2d9) Importer(815301076,1909f56bfc062723c751e8b465ee728b)
Start importing Assets/Scenes/FaceTracking/ARKitFaceBlendShapes.unity using Guid(e9280441e79e84bdbbf6b724880ae2d9) Importer(815301076,1909f56bfc062723c751e8b465ee728b)  -> (artifact id: 'ef6b4c6927cca42cc0135290dae229d7') in 0.013401 seconds 
  Import took 0.018669 seconds .

========================================================================
Received Import Request.
  Time since last request: 45.153435 seconds.
  path: Assets/Scenes/FaceTracking/DisplayFaceInfo.cs
  artifactKey: Guid(f06e395bfff0049859daf1a4e3713f44) Importer(815301076,1909f56bfc062723c751e8b465ee728b)
Start importing Assets/Scenes/FaceTracking/DisplayFaceInfo.cs using Guid(f06e395bfff0049859daf1a4e3713f44) Importer(815301076,1909f56bfc062723c751e8b465ee728b)  -> (artifact id: '56e10cfe3c5c2587a64146c906b0d3c8') in 0.011874 seconds 
  Import took 0.014792 seconds .

========================================================================
Received Import Request.
  Time since last request: 0.017997 seconds.
  path: Assets/Scenes/FaceTracking/DisplayFaceInfo.cs
  artifactKey: Guid(f06e395bfff0049859daf1a4e3713f44) Importer(815301076,1909f56bfc062723c751e8b465ee728b)
Start importing Assets/Scenes/FaceTracking/DisplayFaceInfo.cs using Guid(f06e395bfff0049859daf1a4e3713f44) Importer(815301076,1909f56bfc062723c751e8b465ee728b)  -> (artifact id: '56e10cfe3c5c2587a64146c906b0d3c8') in 0.002105 seconds 
  Import took 0.009277 seconds .

========================================================================
Received Import Request.
  Time since last request: 0.492564 seconds.
  path: Assets/Scenes/FaceTracking/EyeLasersSettings.lighting
  artifactKey: Guid(f729a867a336b40b1b178ca28048f824) Importer(815301076,1909f56bfc062723c751e8b465ee728b)
Start importing Assets/Scenes/FaceTracking/EyeLasersSettings.lighting using Guid(f729a867a336b40b1b178ca28048f824) Importer(815301076,1909f56bfc062723c751e8b465ee728b)  -> (artifact id: '1ba7799ea40da68c36fa3c6c00ed0dab') in 0.009378 seconds 
  Import took 0.012250 seconds .

========================================================================
Received Import Request.
  Time since last request: 0.001895 seconds.
  path: Assets/Scenes/FaceTracking/EyeLasersSettings.lighting
  artifactKey: Guid(f729a867a336b40b1b178ca28048f824) Importer(815301076,1909f56bfc062723c751e8b465ee728b)
Start importing Assets/Scenes/FaceTracking/EyeLasersSettings.lighting using Guid(f729a867a336b40b1b178ca28048f824) Importer(815301076,1909f56bfc062723c751e8b465ee728b)  -> (artifact id: '1ba7799ea40da68c36fa3c6c00ed0dab') in 0.006749 seconds 
  Import took 0.010308 seconds .

========================================================================
Received Prepare
Refreshing native plugins compatible for Editor in 4.26 ms, found 0 plugins.
Preloading 0 native plugins for Editor in 0.00 ms.
Unloading 12 Unused Serialized files (Serialized files now loaded: 0)
System memory in use before: 48.4 MB.
System memory in use after: 48.5 MB.

Unloading 11 unused Assets to reduce memory usage. Loaded Objects now: 2051.
Total: 4.237100 ms (FindLiveObjects: 0.161600 ms CreateObjectMapping: 0.056900 ms MarkObjects: 3.931300 ms  DeleteObjects: 0.086000 ms)

AssetImportParameters requested are different than current active one (requested -> active):
  custom:framework-win-MediaFoundation: 216162199b28c13a410421893ffa2e32 -> 
  custom:video-decoder-ogg-theora: a1e56fd34408186e4bbccfd4996cb3dc -> 
  custom:container-muxer-webm: aa71ff27fc2769a1b78a27578f13a17b -> 
  custom:container-demuxer-webm: 4f35f7cbe854078d1ac9338744f61a02 -> 
  custom:container-demuxer-ogg: 62fdf1f143b41e24485cea50d1cbac27 -> 
  custom:video-encoder-webm-vp8: eb34c28f22e8b96e1ab97ce403110664 -> 
  custom:video-decoder-webm-vp8: 9c59270c3fd7afecdb556c50c9e8de78 -> 
  custom:audio-decoder-ogg-vorbis: bf7c407c2cedff20999df2af8eb42d56 -> 
  custom:audio-encoder-webm-vorbis: bf7c407c2cedff20999df2af8eb42d56 -> 
